2026-04-06 18:18:56, MOVE, v:1, k:ed@triangulo, mode:PICK
2026-04-06 18:34:17, EXEC, v:1, k:ed@triangulo, mode:FULL, rate:0, size:59
2026-04-06 18:37:03, EXEC, v:1, k:ed@triangulo, mode:FULL, rate:100, size:64
2026-04-06 18:37:41, SELF, v:1, k:ed@triangulo, self:1, rate:100, study:30, guided:1, concept:1, refactor:1
2026-04-06 18:37:41, EXEC, v:1, k:ed@triangulo, mode:FULL, rate:100
2026-04-06 18:37:42, MOVE, v:1, k:ed@triangulo, mode:BACK
2026-04-06 18:38:22, MOVE, v:1, k:ed@treinando, mode:DOWN
2026-04-06 18:37:58, MOVE, v:1, k:ed@treinando, mode:PICK
2026-04-06 18:47:07, EXEC, v:1, k:ed@treinando, mode:FULL, rate:33, size:90
2026-04-06 18:54:16, EXEC, v:1, k:ed@treinando, mode:FULL, rate:50, size:114
2026-04-06 18:54:17, EXEC, v:1, k:ed@treinando, mode:FULL, rate:50
2026-04-06 18:54:18, EXEC, v:1, k:ed@treinando, mode:FULL, rate:50
2026-04-06 18:54:18, EXEC, v:1, k:ed@treinando, mode:FULL, rate:50
2026-04-06 19:01:06, EXEC, v:1, k:ed@treinando, mode:FULL, rate:50, size:126
2026-04-06 19:01:06, EXEC, v:1, k:ed@treinando, mode:FULL, rate:50, size:126
2026-04-06 19:01:07, EXEC, v:1, k:ed@treinando, mode:FULL, rate:50, size:126
2026-04-06 19:01:07, EXEC, v:1, k:ed@treinando, mode:FULL, rate:50, size:126
2026-04-06 19:01:39, EXEC, v:1, k:ed@treinando, mode:FULL, rate:50, size:126
2026-04-06 19:01:40, EXEC, v:1, k:ed@treinando, mode:FULL, rate:50
2026-04-06 19:01:08, EXEC, v:1, k:ed@treinando, mode:FULL, rate:50, size:126
2026-04-06 19:12:21, EXEC, v:1, k:ed@treinando, mode:FULL, rate:100, size:148
2026-04-06 19:12:51, SELF, v:1, k:ed@treinando, self:1, rate:100, study:40, guided:1, concept:1, refactor:1
2026-04-06 19:13:32, MOVE, v:1, k:ed@treinando, mode:BACK
2026-04-06 19:15:17, MOVE, v:1, k:ed@fractais_png, mode:PICK
2026-04-06 19:16:02, EXEC, v:1, k:ed@fractais_png, mode:FULL, fail:COMP
2026-04-06 19:16:04, EXEC, v:1, k:ed@fractais_png, mode:FULL, fail:COMP
2026-04-06 19:16:04, EXEC, v:1, k:ed@fractais_png, mode:FULL, fail:COMP
2026-04-06 23:11:07, EXEC, v:1, k:ed@fractais_png, mode:FULL, fail:COMP
2026-04-06 23:11:07, EXEC, v:1, k:ed@fractais_png, mode:FULL, fail:COMP
2026-04-06 23:11:07, EXEC, v:1, k:ed@fractais_png, mode:FULL, fail:COMP
2026-04-06 23:11:07, EXEC, v:1, k:ed@fractais_png, mode:FULL, fail:COMP
2026-04-06 23:11:07, EXEC, v:1, k:ed@fractais_png, mode:FULL, fail:COMP
2026-04-06 23:11:08, EXEC, v:1, k:ed@fractais_png, mode:FULL, fail:COMP
2026-04-06 23:11:08, EXEC, v:1, k:ed@fractais_png, mode:FULL, fail:COMP
2026-04-06 23:11:08, EXEC, v:1, k:ed@fractais_png, mode:FULL, fail:COMP
2026-04-06 23:11:08, EXEC, v:1, k:ed@fractais_png, mode:FULL, fail:COMP
2026-04-06 23:11:08, EXEC, v:1, k:ed@fractais_png, mode:FULL, fail:COMP
2026-04-06 23:11:40, EXEC, v:1, k:ed@fractais_png, mode:FULL, fail:COMP
2026-04-06 23:11:40, EXEC, v:1, k:ed@fractais_png, mode:FULL, fail:COMP
2026-04-06 23:11:09, EXEC, v:1, k:ed@fractais_png, mode:FULL, fail:COMP
2026-04-06 23:11:09, EXEC, v:1, k:ed@fractais_png, mode:FULL, fail:COMP
2026-04-06 23:11:09, EXEC, v:1, k:ed@fractais_png, mode:FULL, fail:COMP
2026-04-06 23:11:11, MOVE, v:1, k:ed@fractais_png, mode:BACK
2026-04-06 23:11:18, MOVE, v:1, k:ed@resto, mode:DOWN
2026-04-06 23:11:27, MOVE, v:1, k:ed@resto, mode:PICK
2026-04-06 23:17:07, EXEC, v:1, k:ed@resto, mode:FULL, rate:0, size:19
2026-04-06 23:21:33, EXEC, v:1, k:ed@resto, mode:FULL, rate:0, size:22
2026-04-06 23:21:33, EXEC, v:1, k:ed@resto, mode:FULL, rate:0, size:22
2026-04-06 23:21:34, EXEC, v:1, k:ed@resto, mode:FULL, rate:0, size:22
2026-04-06 23:21:34, EXEC, v:1, k:ed@resto, mode:FULL, rate:0, size:22
2026-04-06 23:21:34, EXEC, v:1, k:ed@resto, mode:FULL, rate:0, size:22
2026-04-06 23:21:35, EXEC, v:1, k:ed@resto, mode:FULL, rate:0
2026-04-06 23:22:06, EXEC, v:1, k:ed@resto, mode:FULL, rate:0
2026-04-06 23:22:07, EXEC, v:1, k:ed@resto, mode:FULL, rate:0
2026-04-06 23:21:35, EXEC, v:1, k:ed@resto, mode:FULL, rate:0
2026-04-06 23:22:35, EXEC, v:1, k:ed@resto, mode:FULL, rate:0
2026-04-06 23:22:36, EXEC, v:1, k:ed@resto, mode:FULL, rate:0
2026-04-06 23:22:37, EXEC, v:1, k:ed@resto, mode:FULL, rate:0
2026-04-06 23:22:37, EXEC, v:1, k:ed@resto, mode:FULL, rate:0
2026-04-06 23:22:37, EXEC, v:1, k:ed@resto, mode:FULL, rate:0
2026-04-06 23:22:37, EXEC, v:1, k:ed@resto, mode:FULL, rate:0
2026-04-06 23:22:37, EXEC, v:1, k:ed@resto, mode:FULL, rate:0
2026-04-06 23:22:42, EXEC, v:1, k:ed@resto, mode:FULL, rate:0, size:23
2026-04-06 23:23:14, EXEC, v:1, k:ed@resto, mode:FULL, rate:0, size:23
2026-04-06 23:23:16, EXEC, v:1, k:ed@resto, mode:FULL, rate:0
2026-04-06 23:23:16, EXEC, v:1, k:ed@resto, mode:FULL, rate:0
2026-04-06 23:23:33, EXEC, v:1, k:ed@resto, mode:FULL, rate:100, size:23
2026-04-06 23:23:57, SELF, v:1, k:ed@resto, self:1, rate:100, study:25, concept:1
2026-04-06 23:23:58, EXEC, v:1, k:ed@resto, mode:FULL, rate:100
2026-04-06 23:23:59, EXEC, v:1, k:ed@resto, mode:FULL, rate:100
2026-04-06 23:23:59, EXEC, v:1, k:ed@resto, mode:FULL, rate:100
2026-04-06 23:23:59, EXEC, v:1, k:ed@resto, mode:FULL, rate:100
2026-04-06 23:26:40, MOVE, v:1, k:ed@resto, mode:BACK
2026-04-06 23:26:48, MOVE, v:1, k:ed@mdc, mode:DOWN
2026-04-06 23:26:54, MOVE, v:1, k:ed@mdc, mode:PICK
2026-04-06 23:35:04, EXEC, v:1, k:ed@mdc, mode:FULL, rate:0, size:24
2026-04-06 23:35:06, EXEC, v:1, k:ed@mdc, mode:FULL, rate:0
2026-04-06 23:35:06, EXEC, v:1, k:ed@mdc, mode:FULL, rate:0
2026-04-06 23:35:06, EXEC, v:1, k:ed@mdc, mode:FULL, rate:0
2026-04-06 23:37:33, EXEC, v:1, k:ed@mdc, mode:FULL, rate:100, size:20
2026-04-06 23:38:56, SELF, v:1, k:ed@mdc, self:1, rate:100, guided:1, concept:1, refactor:1
2026-04-06 23:39:31, MOVE, v:1, k:ed@mdc, mode:BACK
2026-04-06 23:39:42, MOVE, v:1, k:ed@queimada, mode:PICK
2026-04-06 23:54:17, EXEC, v:1, k:ed@queimada, mode:FULL, rate:100, size:54
2026-04-06 23:54:34, SELF, v:1, k:ed@queimada, self:1, rate:100, study:30, guided:1
2026-04-06 23:54:36, MOVE, v:1, k:ed@queimada, mode:BACK
