2026-04-14 11:39:21, MOVE, v:1, k:ed@casais, mode:PICK
2026-04-14 11:40:41, MOVE, v:1, k:ed@casais, mode:EDIT
2026-04-14 11:43:47, MOVE, v:1, k:ed@casais, mode:BACK
2026-04-14 11:44:09, MOVE, v:1, k:ed@mdc, mode:PICK
2026-04-14 11:44:49, MOVE, v:1, k:ed@mdc, mode:BACK
2026-04-14 11:45:01, MOVE, v:1, k:ed@eh_primo, mode:DOWN
2026-04-14 11:45:07, MOVE, v:1, k:ed@eh_primo, mode:PICK
2026-04-14 11:49:27, EXEC, v:1, k:ed@eh_primo, mode:FULL, rate:55, size:27
2026-04-14 11:45:01, MOVE, v:1, k:ed@eh_primo, mode:EDIT
2026-04-14 11:45:01, MOVE, v:1, k:ed@eh_primo, mode:EDIT
2026-04-14 11:49:13, MOVE, v:1, k:ed@eh_primo, mode:EDIT
2026-04-14 11:49:27, MOVE, v:1, k:ed@eh_primo, mode:EDIT
2026-04-14 11:50:49, EXEC, v:1, k:ed@eh_primo, mode:FULL, rate:44, size:27
2026-04-14 11:50:52, EXEC, v:1, k:ed@eh_primo, mode:FULL, rate:44
2026-04-14 11:54:57, MOVE, v:1, k:ed@eh_primo, mode:EDIT
2026-04-14 11:50:51, MOVE, v:1, k:ed@eh_primo, mode:EDIT
2026-04-14 11:59:23, MOVE, v:1, k:ed@eh_primo, mode:EDIT
2026-04-14 12:01:17, EXEC, v:1, k:ed@eh_primo, mode:FULL, rate:88, size:29
2026-04-14 12:01:44, EXEC, v:1, k:ed@eh_primo, mode:FULL, rate:100, size:29
2026-04-14 12:02:05, SELF, v:1, k:ed@eh_primo, self:1, rate:100, study:20, concept:1
2026-04-14 12:02:07, EXEC, v:1, k:ed@eh_primo, mode:FULL, rate:100
2026-04-14 12:02:09, MOVE, v:1, k:ed@eh_primo, mode:BACK
2026-04-14 12:02:26, MOVE, v:1, k:ed@queimada, mode:PICK
2026-04-14 12:04:25, EXEC, v:1, k:ed@queimada, mode:FULL, rate:100
2026-04-14 12:01:42, MOVE, v:1, k:ed@eh_primo, mode:EDIT
2026-04-14 12:02:07, MOVE, v:1, k:ed@eh_primo, mode:EDIT
2026-04-14 12:04:25, MOVE, v:1, k:ed@queimada, mode:EDIT
2026-04-14 12:05:36, MOVE, v:1, k:ed@queimada, mode:BACK
2026-04-14 12:05:54, MOVE, v:1, k:ed@casais, mode:PICK
2026-04-14 12:06:14, EXEC, v:1, k:ed@casais, mode:FULL, rate:0, size:9
2026-04-14 12:06:34, EXEC, v:1, k:ed@casais, mode:FULL, rate:100, size:33
2026-04-14 12:06:34, MOVE, v:1, k:ed@casais, mode:EDIT
2026-04-14 12:06:32, MOVE, v:1, k:ed@casais, mode:EDIT
2026-04-14 12:14:31, MOVE, v:1, k:ed@casais, mode:BACK
2026-04-14 12:16:51, MOVE, v:1, k:ed@apagando, mode:PICK
2026-04-14 12:17:42, MOVE, v:1, k:ed@apagando, mode:BACK
2026-04-14 12:23:32, MOVE, v:1, k:ed@princesa, mode:PICK
2026-04-14 12:24:07, MOVE, v:1, k:ed@princesa, mode:BACK
2026-04-14 13:15:47, MOVE, v:1, k:eval1@baruel, mode:DOWN
2026-04-14 13:15:57, MOVE, v:1, k:eval1@baruel, mode:PICK
2026-04-14 13:15:47, MOVE, v:1, k:eval1@baruel, mode:EDIT
2026-04-14 13:20:00, MOVE, v:1, k:eval1@baruel, mode:EDIT
2026-04-14 13:23:25, EXEC, v:1, k:eval1@baruel, mode:FULL, rate:0, size:16
2026-04-14 13:24:10, EXEC, v:1, k:eval1@baruel, mode:FULL, rate:0, size:16
2026-04-14 13:24:11, EXEC, v:1, k:eval1@baruel, mode:FULL, rate:0
2026-04-14 13:25:04, MOVE, v:1, k:eval1@baruel, mode:EDIT
2026-04-14 13:24:11, MOVE, v:1, k:eval1@baruel, mode:EDIT
2026-04-14 13:25:17, EXEC, v:1, k:eval1@baruel, mode:FULL, rate:0, size:16
2026-04-14 13:26:51, EXEC, v:1, k:eval1@baruel, mode:FULL, size:18, fail:COMP
2026-04-14 13:27:23, EXEC, v:1, k:eval1@baruel, mode:FULL, rate:0, size:18
2026-04-14 13:28:05, EXEC, v:1, k:eval1@baruel, mode:FULL, rate:0, size:18
2026-04-14 13:28:07, EXEC, v:1, k:eval1@baruel, mode:FULL, rate:0
2026-04-14 13:28:57, EXEC, v:1, k:eval1@baruel, mode:FULL, rate:0, size:17
2026-04-14 13:29:37, MOVE, v:1, k:eval1@baruel, mode:EDIT
2026-04-14 13:28:57, MOVE, v:1, k:eval1@baruel, mode:EDIT
2026-04-14 13:33:02, EXEC, v:1, k:eval1@baruel, mode:FULL, rate:0, size:26
2026-04-14 13:34:49, MOVE, v:1, k:eval1@baruel, mode:EDIT
2026-04-14 13:33:02, MOVE, v:1, k:eval1@baruel, mode:EDIT
2026-04-14 13:37:28, EXEC, v:1, k:eval1@baruel, mode:FULL, size:26, fail:COMP
2026-04-14 13:40:01, MOVE, v:1, k:eval1@baruel, mode:EDIT
2026-04-14 13:41:06, EXEC, v:1, k:eval1@baruel, mode:FULL, rate:0, size:30
2026-04-14 13:41:25, EXEC, v:1, k:eval1@baruel, mode:FULL, rate:0, size:30
2026-04-14 13:41:52, EXEC, v:1, k:eval1@baruel, mode:FULL, rate:0, size:30
2026-04-14 13:41:55, EXEC, v:1, k:eval1@baruel, mode:FULL, rate:0
2026-04-14 13:41:55, EXEC, v:1, k:eval1@baruel, mode:FULL, rate:0
2026-04-14 13:41:55, EXEC, v:1, k:eval1@baruel, mode:FULL, rate:0
2026-04-14 13:41:55, EXEC, v:1, k:eval1@baruel, mode:FULL, rate:0
2026-04-14 13:41:56, EXEC, v:1, k:eval1@baruel, mode:FULL, rate:0
2026-04-14 13:41:56, EXEC, v:1, k:eval1@baruel, mode:FULL, rate:0
2026-04-14 13:41:56, EXEC, v:1, k:eval1@baruel, mode:FULL, rate:0
2026-04-14 13:42:04, EXEC, v:1, k:eval1@baruel, mode:FULL, rate:0, size:30
2026-04-14 13:42:22, EXEC, v:1, k:eval1@baruel, mode:FULL, rate:0, size:30
2026-04-14 13:42:22, EXEC, v:1, k:eval1@baruel, mode:FULL, rate:0, size:30
2026-04-14 13:42:24, EXEC, v:1, k:eval1@baruel, mode:FULL, rate:0, size:30
2026-04-14 13:44:24, EXEC, v:1, k:eval1@baruel, mode:FULL, rate:0, size:30
2026-04-14 13:44:47, EXEC, v:1, k:eval1@baruel, mode:FULL, rate:0, size:30
2026-04-14 13:44:44, MOVE, v:1, k:eval1@baruel, mode:EDIT
2026-04-14 13:44:47, MOVE, v:1, k:eval1@baruel, mode:EDIT
2026-04-14 13:46:30, EXEC, v:1, k:eval1@baruel, mode:FULL, rate:0, size:29
2026-04-14 13:47:00, MOVE, v:1, k:eval1@baruel, mode:PICK
2026-04-14 13:47:04, EXEC, v:1, k:eval1@baruel, mode:FULL, rate:0
2026-04-14 13:47:28, EXEC, v:1, k:eval1@baruel, mode:FULL, rate:0, size:26
2026-04-14 13:48:40, EXEC, v:1, k:eval1@baruel, mode:FULL, rate:0, size:28
2026-04-14 13:50:09, EXEC, v:1, k:eval1@baruel, mode:FULL, rate:0, size:30
2026-04-14 13:51:03, EXEC, v:1, k:eval1@baruel, mode:FULL, rate:0, size:30
2026-04-14 13:51:32, EXEC, v:1, k:eval1@baruel, mode:FULL, rate:0, size:31
2026-04-14 13:51:32, MOVE, v:1, k:eval1@baruel, mode:EDIT
2026-04-14 13:51:30, MOVE, v:1, k:eval1@baruel, mode:EDIT
2026-04-14 13:52:52, EXEC, v:1, k:eval1@baruel, mode:FULL, rate:0, size:31
2026-04-14 13:53:13, EXEC, v:1, k:eval1@baruel, mode:FULL, rate:0, size:31
2026-04-14 13:53:25, EXEC, v:1, k:eval1@baruel, mode:FULL, rate:0, size:31
2026-04-14 13:53:34, EXEC, v:1, k:eval1@baruel, mode:FULL, rate:0, size:31
2026-04-14 13:54:48, EXEC, v:1, k:eval1@baruel, mode:FULL, rate:0, size:35
2026-04-14 13:55:44, EXEC, v:1, k:eval1@baruel, mode:FULL, rate:0, size:31
2026-04-14 13:55:58, MOVE, v:1, k:eval1@baruel, mode:BACK
2026-04-14 13:56:13, MOVE, v:1, k:eval1@queimada, mode:DOWN
2026-04-14 13:56:18, MOVE, v:1, k:eval1@queimada, mode:PICK
2026-04-14 13:55:39, MOVE, v:1, k:eval1@baruel, mode:EDIT
2026-04-14 13:55:44, MOVE, v:1, k:eval1@baruel, mode:EDIT
2026-04-14 13:56:13, MOVE, v:1, k:eval1@queimada, mode:EDIT
2026-04-14 13:56:13, MOVE, v:1, k:eval1@queimada, mode:EDIT
2026-04-14 13:56:58, MOVE, v:1, k:eval1@queimada, mode:EDIT
2026-04-14 14:01:56, MOVE, v:1, k:eval1@queimada, mode:EDIT
2026-04-14 14:05:06, EXEC, v:1, k:eval1@queimada, mode:FULL, rate:0, size:51
2026-04-14 14:06:03, EXEC, v:1, k:eval1@queimada, mode:FULL, rate:14, size:53
2026-04-14 14:05:58, MOVE, v:1, k:eval1@queimada, mode:EDIT
2026-04-14 14:06:02, MOVE, v:1, k:eval1@queimada, mode:EDIT
2026-04-14 14:07:45, EXEC, v:1, k:eval1@queimada, mode:FULL, rate:0, size:53
2026-04-14 14:08:27, EXEC, v:1, k:eval1@queimada, mode:FULL, rate:0, size:53
2026-04-14 14:09:15, EXEC, v:1, k:eval1@queimada, mode:FULL, rate:100, size:53
2026-04-14 14:09:33, SELF, v:1, k:eval1@queimada, self:1, rate:100
2026-04-14 14:09:34, MOVE, v:1, k:eval1@queimada, mode:BACK
2026-04-14 14:09:52, MOVE, v:1, k:eval1@apagando, mode:DOWN
2026-04-14 14:10:01, MOVE, v:1, k:eval1@apagando, mode:PICK
2026-04-14 14:09:13, MOVE, v:1, k:eval1@queimada, mode:EDIT
2026-04-14 14:09:14, MOVE, v:1, k:eval1@queimada, mode:EDIT
2026-04-14 14:09:52, MOVE, v:1, k:eval1@apagando, mode:EDIT
2026-04-14 14:09:52, MOVE, v:1, k:eval1@apagando, mode:EDIT
2026-04-14 14:11:57, MOVE, v:1, k:eval1@apagando, mode:EDIT
2026-04-14 14:16:50, MOVE, v:1, k:eval1@apagando, mode:EDIT
2026-04-14 14:19:14, EXEC, v:1, k:eval1@apagando, mode:FULL, rate:0, size:28
2026-04-14 14:19:46, EXEC, v:1, k:eval1@apagando, mode:FULL, rate:100, size:29
2026-04-14 14:20:00, SELF, v:1, k:eval1@apagando, self:1, rate:100
2026-04-14 14:20:35, MOVE, v:1, k:eval1@apagando, mode:BACK
2026-04-14 14:21:20, MOVE, v:1, k:eval1@triangulo, mode:DOWN
2026-04-14 14:21:34, MOVE, v:1, k:eval1@triangulo, mode:PICK
2026-04-14 14:19:44, MOVE, v:1, k:eval1@apagando, mode:EDIT
2026-04-14 14:19:46, MOVE, v:1, k:eval1@apagando, mode:EDIT
2026-04-14 14:21:20, MOVE, v:1, k:eval1@triangulo, mode:EDIT
2026-04-14 14:21:20, MOVE, v:1, k:eval1@triangulo, mode:EDIT
2026-04-14 14:26:47, MOVE, v:1, k:eval1@triangulo, mode:EDIT
2026-04-14 14:30:17, EXEC, v:1, k:eval1@triangulo, mode:FULL, rate:0, size:55
2026-04-14 14:30:52, EXEC, v:1, k:eval1@triangulo, mode:FULL, rate:0, size:56
2026-04-14 14:31:18, EXEC, v:1, k:eval1@triangulo, mode:FULL, rate:0, size:57
2026-04-14 14:31:59, MOVE, v:1, k:eval1@triangulo, mode:EDIT
2026-04-14 14:31:18, MOVE, v:1, k:eval1@triangulo, mode:EDIT
2026-04-14 14:32:21, EXEC, v:1, k:eval1@triangulo, mode:FULL, rate:0, size:58
2026-04-14 14:32:39, EXEC, v:1, k:eval1@triangulo, mode:FULL, rate:0, size:57
2026-04-14 14:33:38, EXEC, v:1, k:eval1@triangulo, mode:FULL, rate:0, size:55
2026-04-14 14:33:53, EXEC, v:1, k:eval1@triangulo, mode:FULL, rate:0
2026-04-14 14:35:21, EXEC, v:1, k:eval1@triangulo, mode:FULL, rate:0, size:55
2026-04-14 14:35:34, EXEC, v:1, k:eval1@triangulo, mode:FULL, rate:0, size:55
2026-04-14 14:35:42, EXEC, v:1, k:eval1@triangulo, mode:FULL, rate:0, size:55
2026-04-14 14:36:55, MOVE, v:1, k:eval1@triangulo, mode:EDIT
2026-04-14 14:35:42, MOVE, v:1, k:eval1@triangulo, mode:EDIT
2026-04-14 14:37:49, EXEC, v:1, k:eval1@triangulo, mode:FULL, size:55, fail:COMP
2026-04-14 14:38:20, EXEC, v:1, k:eval1@triangulo, mode:FULL, rate:0, size:56
2026-04-14 14:39:16, EXEC, v:1, k:eval1@triangulo, mode:FULL, rate:0, size:56
2026-04-14 14:39:47, EXEC, v:1, k:eval1@triangulo, mode:FULL, rate:0, size:56
2026-04-14 14:41:07, EXEC, v:1, k:eval1@triangulo, mode:FULL, rate:0, size:56
2026-04-14 14:41:35, EXEC, v:1, k:eval1@triangulo, mode:FULL, rate:0, size:56
2026-04-14 14:41:57, MOVE, v:1, k:eval1@triangulo, mode:EDIT
2026-04-14 14:41:35, MOVE, v:1, k:eval1@triangulo, mode:EDIT
2026-04-14 14:42:09, EXEC, v:1, k:eval1@triangulo, mode:FULL, size:56, fail:COMP
2026-04-14 14:42:19, EXEC, v:1, k:eval1@triangulo, mode:FULL, rate:0, size:56
2026-04-14 14:43:05, EXEC, v:1, k:eval1@triangulo, mode:FULL, rate:0, size:56
2026-04-14 14:43:27, EXEC, v:1, k:eval1@triangulo, mode:FULL, rate:0, size:56
2026-04-14 14:43:36, MOVE, v:1, k:eval1@triangulo, mode:BACK
2026-04-14 14:44:16, MOVE, v:1, k:eval1@apagando, mode:PICK
2026-04-14 14:44:51, MOVE, v:1, k:eval1@apagando, mode:BACK
2026-04-14 14:45:42, MOVE, v:1, k:eval1@casais, mode:DOWN
2026-04-14 14:43:24, MOVE, v:1, k:eval1@triangulo, mode:EDIT
2026-04-14 14:43:26, MOVE, v:1, k:eval1@triangulo, mode:EDIT
2026-04-14 14:45:42, MOVE, v:1, k:eval1@casais, mode:EDIT
2026-04-14 14:45:42, MOVE, v:1, k:eval1@casais, mode:EDIT
