2026-06-16 21:37:24, MOVE, v:1, k:ed@balanceada, mode:PICK
2026-06-16 21:37:26, EXEC, v:1, k:ed@balanceada, mode:FULL, rate:50
2026-06-16 21:46:17, MOVE, v:1, k:ed@balanceada, mode:EDIT
2026-06-16 21:51:49, MOVE, v:1, k:ed@balanceada, mode:EDIT
2026-06-16 21:51:52, EXEC, v:1, k:ed@balanceada, mode:FULL, rate:50, size:44
2026-06-16 21:52:37, EXEC, v:1, k:ed@balanceada, mode:FULL, rate:100, size:44
2026-06-16 21:52:40, MOVE, v:1, k:ed@balanceada, mode:BACK
2026-06-16 21:53:13, SELF, v:1, k:ed@balanceada, self:1, rate:100, study:30, guided:1, concept:1, refactor:1
2026-06-16 21:53:51, MOVE, v:1, k:ed@polonesa, mode:DOWN
2026-06-16 21:53:55, MOVE, v:1, k:ed@polonesa, mode:PICK
2026-06-16 21:53:57, EXEC, v:1, k:ed@polonesa, mode:FULL, rate:0, size:5
2026-06-16 21:53:51, MOVE, v:1, k:ed@polonesa, mode:EDIT
2026-06-16 21:53:51, MOVE, v:1, k:ed@polonesa, mode:EDIT
2026-06-16 21:53:51, MOVE, v:1, k:ed@polonesa, mode:EDIT
2026-06-16 22:00:51, MOVE, v:1, k:ed@polonesa, mode:EDIT
2026-06-16 22:03:46, MOVE, v:1, k:ed@polonesa, mode:EDIT
2026-06-16 22:17:29, MOVE, v:1, k:ed@polonesa, mode:EDIT
2026-06-16 22:18:14, EXEC, v:1, k:ed@polonesa, mode:FULL, rate:0, size:50
2026-06-16 22:18:15, EXEC, v:1, k:ed@polonesa, mode:FULL, rate:0
2026-06-16 22:22:38, EXEC, v:1, k:ed@polonesa, mode:FULL, rate:100, size:50
2026-06-16 22:22:35, MOVE, v:1, k:ed@polonesa, mode:EDIT
2026-06-16 22:22:51, SELF, v:1, k:ed@polonesa, self:1, rate:100, guided:1, concept:1, refactor:1
2026-06-16 22:22:57, MOVE, v:1, k:ed@polonesa, mode:BACK
2026-06-16 22:23:05, MOVE, v:1, k:ed@polonesa, mode:PICK
2026-06-16 22:23:15, SELF, v:1, k:ed@polonesa, self:1, rate:100, study:30, guided:1, concept:1, refactor:1
2026-06-16 22:23:15, MOVE, v:1, k:ed@polonesa, mode:BACK
