2026-05-20 13:27:31, MOVE, v:1, k:ed@ilhas, mode:DOWN
2026-05-20 13:27:36, MOVE, v:1, k:ed@ilhas, mode:PICK
2026-05-20 13:30:09, EXEC, v:1, k:ed@ilhas, mode:FULL, size:31, fail:COMP
2026-05-20 13:27:31, MOVE, v:1, k:ed@ilhas, mode:EDIT
2026-05-20 13:27:31, MOVE, v:1, k:ed@ilhas, mode:EDIT
2026-05-20 13:27:31, MOVE, v:1, k:ed@ilhas, mode:EDIT
2026-05-20 13:33:17, EXEC, v:1, k:ed@ilhas, mode:FULL, fail:COMP
2026-05-20 13:41:20, MOVE, v:1, k:ed@ilhas, mode:EDIT
2026-05-20 13:43:56, EXEC, v:1, k:ed@ilhas, mode:FULL, rate:100, size:57
2026-05-20 13:44:16, SELF, v:1, k:ed@ilhas, self:1, rate:100, study:30, guided:1, concept:1, refactor:1
2026-05-20 13:44:17, EXEC, v:1, k:ed@ilhas, mode:FULL, rate:100
2026-05-20 13:44:18, MOVE, v:1, k:ed@ilhas, mode:BACK
2026-05-20 13:44:28, MOVE, v:1, k:ed@cercado, mode:DOWN
2026-05-20 13:44:29, MOVE, v:1, k:ed@cercado, mode:PICK
2026-05-20 13:45:49, EXEC, v:1, k:ed@cercado, mode:FULL, rate:33, size:29
2026-05-20 13:43:53, MOVE, v:1, k:ed@ilhas, mode:EDIT
2026-05-20 13:44:17, MOVE, v:1, k:ed@ilhas, mode:EDIT
2026-05-20 13:44:28, MOVE, v:1, k:ed@cercado, mode:EDIT
2026-05-20 13:44:28, MOVE, v:1, k:ed@cercado, mode:EDIT
2026-05-20 13:44:28, MOVE, v:1, k:ed@cercado, mode:EDIT
2026-05-20 13:45:49, MOVE, v:1, k:ed@cercado, mode:EDIT
2026-05-20 13:56:19, MOVE, v:1, k:ed@cercado, mode:EDIT
2026-05-20 14:01:20, MOVE, v:1, k:ed@cercado, mode:EDIT
2026-05-20 14:04:18, EXEC, v:1, k:ed@cercado, mode:FULL, rate:100, size:77
2026-05-20 14:04:40, SELF, v:1, k:ed@cercado, self:1, rate:100, study:30, guided:1, concept:1, refactor:1
2026-05-20 14:04:41, EXEC, v:1, k:ed@cercado, mode:FULL, rate:100
2026-05-20 14:04:43, MOVE, v:1, k:ed@cercado, mode:BACK
2026-05-20 14:04:51, MOVE, v:1, k:ed@pintura, mode:DOWN
2026-05-20 14:04:55, MOVE, v:1, k:ed@pintura, mode:PICK
2026-05-20 14:04:11, MOVE, v:1, k:ed@cercado, mode:EDIT
2026-05-20 14:04:41, MOVE, v:1, k:ed@cercado, mode:EDIT
2026-05-20 14:04:51, MOVE, v:1, k:ed@pintura, mode:EDIT
2026-05-20 14:04:51, MOVE, v:1, k:ed@pintura, mode:EDIT
2026-05-20 14:04:51, MOVE, v:1, k:ed@pintura, mode:EDIT
2026-05-20 14:07:08, EXEC, v:1, k:ed@pintura, mode:FULL, size:57, fail:COMP
2026-05-20 14:07:26, EXEC, v:1, k:ed@pintura, mode:FULL, fail:COMP
2026-05-20 14:13:39, MOVE, v:1, k:ed@pintura, mode:BACK
2026-05-20 14:14:49, MOVE, v:1, k:ed@pintura, mode:PICK
2026-05-20 14:21:18, MOVE, v:1, k:ed@pintura, mode:EDIT
2026-05-20 14:24:23, MOVE, v:1, k:ed@pintura, mode:EDIT
2026-05-20 14:41:18, EXEC, v:1, k:ed@pintura, mode:FULL, rate:50, size:73
2026-05-20 14:41:17, MOVE, v:1, k:ed@pintura, mode:EDIT
2026-05-20 14:42:28, EXEC, v:1, k:ed@pintura, mode:FULL, rate:100, size:74
2026-05-20 14:42:39, SELF, v:1, k:ed@pintura, self:1, rate:100, study:40, guided:1, concept:1, refactor:1
