2026-05-04 10:50:19, MOVE, v:1, k:ed@lista_d1, mode:PICK
2026-05-04 10:50:27, EXEC, v:1, k:ed@lista_d1, mode:FULL, rate:0
2026-05-04 10:50:26, MOVE, v:1, k:ed@lista_d1, mode:EDIT
2026-05-04 10:54:20, MOVE, v:1, k:ed@lista_d1, mode:EDIT
2026-05-04 10:56:24, EXEC, v:1, k:ed@lista_d1, mode:FULL, rate:42, size:136
2026-05-04 10:58:54, EXEC, v:1, k:ed@lista_d1, mode:FULL, rate:100, size:142
2026-05-04 10:59:14, SELF, v:1, k:ed@lista_d1, self:1, rate:100, guided:1, concept:1, debug:1, refactor:1
2026-05-04 10:59:19, MOVE, v:1, k:ed@lista_d1, mode:BACK
2026-05-04 10:58:53, MOVE, v:1, k:ed@lista_d1, mode:EDIT
2026-05-04 10:58:54, MOVE, v:1, k:ed@lista_d1, mode:EDIT
2026-05-04 11:00:33, MOVE, v:1, k:ed@lista_d2, mode:DOWN
2026-05-04 11:00:35, MOVE, v:1, k:ed@lista_d2, mode:PICK
2026-05-04 11:03:09, EXEC, v:1, k:ed@lista_d2, mode:FULL, rate:0, size:95
2026-05-04 11:03:09, EXEC, v:1, k:ed@lista_d2, mode:FULL, rate:0, size:95
2026-05-04 11:00:33, MOVE, v:1, k:ed@lista_d2, mode:EDIT
2026-05-04 11:00:33, MOVE, v:1, k:ed@lista_d2, mode:EDIT
2026-05-04 11:00:33, MOVE, v:1, k:ed@lista_d2, mode:EDIT
2026-05-04 11:03:06, MOVE, v:1, k:ed@lista_d2, mode:EDIT
2026-05-04 11:03:09, MOVE, v:1, k:ed@lista_d2, mode:EDIT
2026-05-04 11:06:57, MOVE, v:1, k:ed@lista_d2, mode:BACK
2026-05-04 11:07:00, MOVE, v:1, k:ed@lista_d1, mode:PICK
2026-05-04 11:07:24, MOVE, v:1, k:ed@lista_d1, mode:BACK
2026-05-04 11:07:30, MOVE, v:1, k:ed@lista_d2, mode:PICK
2026-05-04 11:07:32, EXEC, v:1, k:ed@lista_d2, mode:FULL, rate:0, size:95
2026-05-04 11:07:32, MOVE, v:1, k:ed@lista_d2, mode:EDIT
2026-05-04 11:16:23, EXEC, v:1, k:ed@lista_d2, mode:FULL, rate:0
2026-05-04 11:16:23, EXEC, v:1, k:ed@lista_d2, mode:FULL, rate:0
2026-05-04 11:16:23, MOVE, v:1, k:ed@lista_d2, mode:EDIT
2026-05-04 11:22:16, EXEC, v:1, k:ed@lista_d2, mode:FULL, rate:0
2026-05-04 11:22:23, EXEC, v:1, k:ed@lista_d2, mode:FULL, rate:0
2026-05-04 11:22:23, MOVE, v:1, k:ed@lista_d2, mode:EDIT
2026-05-04 11:37:48, EXEC, v:1, k:ed@lista_d2, mode:FULL, rate:0
2026-05-04 11:37:48, EXEC, v:1, k:ed@lista_d2, mode:FULL, rate:0
2026-05-04 11:37:48, MOVE, v:1, k:ed@lista_d2, mode:EDIT
2026-05-04 12:02:04, EXEC, v:1, k:ed@lista_d2, mode:FULL, rate:0
2026-05-04 12:02:49, EXEC, v:1, k:ed@lista_d2, mode:FULL, rate:0, size:94
2026-05-04 12:02:50, EXEC, v:1, k:ed@lista_d2, mode:FULL, rate:0
2026-05-04 12:02:50, EXEC, v:1, k:ed@lista_d2, mode:FULL, rate:0
2026-05-04 12:03:56, EXEC, v:1, k:ed@lista_d2, mode:FULL, rate:0
2026-05-04 12:03:56, EXEC, v:1, k:ed@lista_d2, mode:FULL, rate:0
2026-05-04 12:04:07, MOVE, v:1, k:ed@lista_d2, mode:BACK
2026-05-04 12:04:29, MOVE, v:1, k:ed@lista_d1, mode:PICK
2026-05-04 12:04:42, SELF, v:1, k:ed@lista_d1, self:1, rate:42, guided:1, concept:1, debug:1, refactor:1
2026-05-04 12:04:42, EXEC, v:1, k:ed@lista_d1, mode:FULL, rate:100
2026-05-04 12:05:16, SELF, v:1, k:ed@lista_d1, self:1, rate:100, study:100, guided:1, concept:1, debug:1, refactor:1
2026-05-04 12:05:17, MOVE, v:1, k:ed@lista_d1, mode:BACK
2026-05-04 12:05:25, MOVE, v:1, k:ed@lista_d2, mode:PICK
2026-05-04 12:05:28, EXEC, v:1, k:ed@lista_d2, mode:FULL, rate:0
2026-05-04 12:04:42, MOVE, v:1, k:ed@lista_d1, mode:EDIT
2026-05-04 12:05:28, MOVE, v:1, k:ed@lista_d2, mode:EDIT
2026-05-04 12:13:57, EXEC, v:1, k:ed@lista_d2, mode:FULL, rate:0
2026-05-04 12:14:05, EXEC, v:1, k:ed@lista_d2, mode:FULL, rate:0
2026-05-04 12:14:05, EXEC, v:1, k:ed@lista_d2, mode:FULL, rate:0
2026-05-04 12:14:05, MOVE, v:1, k:ed@lista_d2, mode:EDIT
2026-05-04 12:21:15, EXEC, v:1, k:ed@lista_d2, mode:FULL, rate:0
2026-05-04 12:21:15, MOVE, v:1, k:ed@lista_d2, mode:EDIT
2026-05-04 12:40:09, EXEC, v:1, k:ed@lista_d2, mode:FULL, rate:0
2026-05-04 12:40:27, EXEC, v:1, k:ed@lista_d2, mode:FULL, rate:0
2026-05-04 12:40:40, EXEC, v:1, k:ed@lista_d2, mode:FULL, rate:0
2026-05-04 12:44:03, EXEC, v:1, k:ed@lista_d2, mode:FULL, rate:0, size:102
2026-05-04 12:44:05, EXEC, v:1, k:ed@lista_d2, mode:FULL, rate:0
2026-05-04 12:44:04, MOVE, v:1, k:ed@lista_d2, mode:EDIT
2026-05-04 12:44:02, MOVE, v:1, k:ed@lista_d2, mode:EDIT
2026-05-04 12:45:14, EXEC, v:1, k:ed@lista_d2, mode:FULL, rate:0, size:102
2026-05-04 12:45:30, EXEC, v:1, k:ed@lista_d2, mode:FULL, rate:0, size:102
2026-05-04 12:45:28, MOVE, v:1, k:ed@lista_d2, mode:EDIT
2026-05-04 12:45:29, MOVE, v:1, k:ed@lista_d2, mode:EDIT
2026-05-04 12:54:38, EXEC, v:1, k:ed@lista_d2, mode:FULL, rate:0, size:115
2026-05-04 12:55:04, EXEC, v:1, k:ed@lista_d2, mode:FULL, rate:20, size:115
2026-05-04 12:55:02, MOVE, v:1, k:ed@lista_d2, mode:EDIT
2026-05-04 12:55:04, MOVE, v:1, k:ed@lista_d2, mode:EDIT
2026-05-04 13:19:48, EXEC, v:1, k:ed@lista_d2, mode:FULL, rate:20
2026-05-04 13:22:26, EXEC, v:1, k:ed@lista_d2, mode:FULL, rate:0, size:129
2026-05-04 13:22:51, EXEC, v:1, k:ed@lista_d2, mode:FULL, rate:20, size:129
2026-05-04 13:22:51, MOVE, v:1, k:ed@lista_d2, mode:EDIT
2026-05-04 13:23:56, MOVE, v:1, k:ed@lista_d2, mode:EDIT
2026-05-04 13:28:40, EXEC, v:1, k:ed@lista_d2, mode:FULL, rate:20, size:133
2026-05-04 13:29:18, EXEC, v:1, k:ed@lista_d2, mode:FULL, rate:40, size:133
2026-05-04 13:29:06, MOVE, v:1, k:ed@lista_d2, mode:EDIT
2026-05-04 13:29:18, MOVE, v:1, k:ed@lista_d2, mode:EDIT
2026-05-04 13:34:24, MOVE, v:1, k:ed@lista_d2, mode:EDIT
2026-05-04 13:35:17, EXEC, v:1, k:ed@lista_d2, mode:FULL, rate:60, size:151
2026-05-04 13:39:24, MOVE, v:1, k:ed@lista_d2, mode:EDIT
2026-05-04 13:35:17, MOVE, v:1, k:ed@lista_d2, mode:EDIT
2026-05-04 13:42:11, EXEC, v:1, k:ed@lista_d2, mode:FULL, rate:80, size:174
2026-05-04 13:44:14, MOVE, v:1, k:ed@lista_d2, mode:EDIT
2026-05-04 13:42:11, MOVE, v:1, k:ed@lista_d2, mode:EDIT
2026-05-04 13:44:27, EXEC, v:1, k:ed@lista_d2, mode:FULL, rate:100, size:196
2026-05-04 13:44:49, SELF, v:1, k:ed@lista_d2, self:1, rate:100, study:100, guided:1, concept:1, refactor:1
2026-05-04 13:44:53, MOVE, v:1, k:ed@lista_d2, mode:BACK
2026-05-04 13:45:56, MOVE, v:1, k:ed@lista_d4, mode:DOWN
2026-05-04 13:46:06, MOVE, v:1, k:ed@lista_d4, mode:PICK
2026-05-04 13:46:21, EXEC, v:1, k:ed@lista_d4, mode:FULL, rate:0, size:124
2026-05-04 13:44:27, MOVE, v:1, k:ed@lista_d2, mode:EDIT
2026-05-04 13:46:18, MOVE, v:1, k:ed@lista_d4, mode:EDIT
2026-05-04 13:45:56, MOVE, v:1, k:ed@lista_d4, mode:EDIT
2026-05-04 13:45:56, MOVE, v:1, k:ed@lista_d4, mode:EDIT
2026-05-04 13:45:56, MOVE, v:1, k:ed@lista_d4, mode:EDIT
2026-05-04 13:46:21, MOVE, v:1, k:ed@lista_d4, mode:EDIT
2026-05-04 13:51:51, EXEC, v:1, k:ed@lista_d4, mode:FULL, rate:0
2026-05-04 13:51:51, MOVE, v:1, k:ed@lista_d4, mode:EDIT
2026-05-04 14:00:51, EXEC, v:1, k:ed@lista_d4, mode:FULL, rate:0, size:99
2026-05-04 14:03:12, EXEC, v:1, k:ed@lista_d4, mode:FULL, rate:66, size:120
2026-05-04 14:03:11, MOVE, v:1, k:ed@lista_d4, mode:EDIT
2026-05-04 14:03:12, MOVE, v:1, k:ed@lista_d4, mode:EDIT
2026-05-04 14:08:45, EXEC, v:1, k:ed@lista_d4, mode:FULL, rate:100, size:134
2026-05-04 14:09:11, SELF, v:1, k:ed@lista_d4, self:1, rate:100, study:60, guided:1, concept:1, refactor:1
2026-05-04 14:09:12, EXEC, v:1, k:ed@lista_d4, mode:FULL, rate:100
2026-05-04 14:09:13, MOVE, v:1, k:ed@lista_d4, mode:BACK
2026-05-04 14:08:44, MOVE, v:1, k:ed@lista_d4, mode:EDIT
2026-05-04 14:09:12, MOVE, v:1, k:ed@lista_d4, mode:EDIT
2026-05-04 14:10:24, MOVE, v:1, k:ed@lista_d1, mode:PICK
2026-05-04 14:10:33, EXEC, v:1, k:ed@lista_d1, mode:FULL, rate:100
2026-05-04 14:10:48, SELF, v:1, k:ed@lista_d1, self:1, rate:100, study:100, guided:1, concept:1, debug:1, refactor:1
2026-05-04 14:10:50, MOVE, v:1, k:ed@lista_d1, mode:BACK
2026-05-04 14:10:53, MOVE, v:1, k:ed@lista_d2, mode:PICK
2026-05-04 14:10:58, EXEC, v:1, k:ed@lista_d2, mode:FULL, rate:100
2026-05-04 14:10:58, EXEC, v:1, k:ed@lista_d2, mode:FULL, rate:100
2026-05-04 14:11:07, SELF, v:1, k:ed@lista_d2, self:1, rate:100, study:100, guided:1, concept:1, refactor:1
2026-05-04 14:11:08, EXEC, v:1, k:ed@lista_d2, mode:FULL, rate:100
2026-05-04 14:11:09, MOVE, v:1, k:ed@lista_d2, mode:BACK
2026-05-04 16:14:28, MOVE, v:1, k:ed@lista_d2, mode:PICK
2026-05-04 16:14:47, SELF, v:1, k:ed@lista_d2, self:1, rate:100, study:200, guided:1, concept:1, refactor:1
2026-05-04 16:14:48, MOVE, v:1, k:ed@lista_d2, mode:BACK
2026-05-04 16:14:56, MOVE, v:1, k:ed@prin_list1, mode:DOWN
2026-05-04 16:14:59, MOVE, v:1, k:ed@prin_list1, mode:PICK
2026-05-04 16:15:08, EXEC, v:1, k:ed@prin_list1, mode:FULL, size:172, fail:COMP
2026-05-04 16:15:31, EXEC, v:1, k:ed@prin_list1, mode:FULL, size:172, fail:COMP
2026-05-04 16:15:32, EXEC, v:1, k:ed@prin_list1, mode:FULL, fail:COMP
2026-05-04 16:15:41, MOVE, v:1, k:ed@prin_list1, mode:PICK
2026-05-04 16:15:44, EXEC, v:1, k:ed@prin_list1, mode:FULL, fail:COMP
2026-05-04 16:26:13, EXEC, v:1, k:ed@prin_list1, mode:FULL, rate:0, size:172
2026-05-04 16:25:53, MOVE, v:1, k:ed@prin_list1, mode:EDIT
2026-05-04 16:26:39, MOVE, v:1, k:ed@prin_list1, mode:EDIT
2026-05-04 16:26:13, MOVE, v:1, k:ed@prin_list1, mode:EDIT
2026-05-04 16:38:46, EXEC, v:1, k:ed@prin_list1, mode:FULL, rate:100, size:203
2026-05-04 16:40:00, MOVE, v:1, k:ed@prin_list1, mode:EDIT
2026-05-04 16:38:46, MOVE, v:1, k:ed@prin_list1, mode:EDIT
2026-05-04 16:42:08, EXEC, v:1, k:ed@prin_list1, mode:FULL, size:187, fail:COMP
2026-05-04 16:44:56, EXEC, v:1, k:ed@prin_list1, mode:FULL, rate:100, size:198
2026-05-04 16:45:17, SELF, v:1, k:ed@prin_list1, self:1, rate:100, study:60, guided:1, concept:1, problem:1, refactor:1
2026-05-04 16:45:28, MOVE, v:1, k:ed@prin_list1, mode:BACK
