2026-06-07 22:36:23, MOVE, v:1, k:ed@serial, mode:DOWN
2026-06-07 22:36:24, MOVE, v:1, k:ed@serial, mode:PICK
2026-06-07 22:38:01, EXEC, v:1, k:ed@serial, mode:FULL, rate:0, size:65
2026-06-07 22:36:22, MOVE, v:1, k:ed@serial, mode:EDIT
2026-06-07 22:36:22, MOVE, v:1, k:ed@serial, mode:EDIT
2026-06-07 22:36:23, MOVE, v:1, k:ed@serial, mode:EDIT
2026-06-07 22:45:59, MOVE, v:1, k:ed@serial, mode:EDIT
2026-06-07 22:57:49, EXEC, v:1, k:ed@serial, mode:FULL, rate:100, size:82
2026-06-07 22:58:09, SELF, v:1, k:ed@serial, self:1, rate:100, study:30, guided:1, concept:1, refactor:1
2026-06-07 22:58:10, EXEC, v:1, k:ed@serial, mode:FULL, rate:100
2026-06-07 22:58:11, MOVE, v:1, k:ed@serial, mode:BACK
2026-06-07 22:58:28, MOVE, v:1, k:ed@formatada, mode:DOWN
2026-06-07 22:58:35, MOVE, v:1, k:ed@formatada, mode:PICK
2026-06-07 22:58:28, MOVE, v:1, k:ed@formatada, mode:EDIT
2026-06-07 22:58:28, MOVE, v:1, k:ed@formatada, mode:EDIT
2026-06-07 22:58:28, MOVE, v:1, k:ed@formatada, mode:EDIT
2026-06-07 23:09:17, EXEC, v:1, k:ed@formatada, mode:FULL, rate:0, size:73
2026-06-07 23:09:14, MOVE, v:1, k:ed@formatada, mode:EDIT
2026-06-07 23:21:03, EXEC, v:1, k:ed@formatada, mode:FULL, rate:100, size:93
2026-06-07 23:21:07, MOVE, v:1, k:ed@formatada, mode:BACK
2026-06-07 23:21:09, MOVE, v:1, k:ed@formatada, mode:PICK
2026-06-07 23:21:11, EXEC, v:1, k:ed@formatada, mode:FULL, rate:100
2026-06-07 23:21:24, EXEC, v:1, k:ed@formatada, mode:FULL, rate:14, size:93
2026-06-07 23:21:21, MOVE, v:1, k:ed@formatada, mode:EDIT
2026-06-07 23:24:10, EXEC, v:1, k:ed@formatada, mode:FULL, rate:100, size:93
2026-06-07 23:24:27, SELF, v:1, k:ed@formatada, self:1, rate:100, study:30, guided:1, concept:1, refactor:1
2026-06-07 23:24:28, EXEC, v:1, k:ed@formatada, mode:FULL, rate:100
2026-06-07 23:24:32, MOVE, v:1, k:ed@formatada, mode:BACK
2026-06-07 23:25:33, MOVE, v:1, k:ed@fila_enc, mode:PICK
2026-06-07 23:25:34, EXEC, v:1, k:ed@fila_enc, mode:FULL, rate:100
2026-06-07 23:26:03, MOVE, v:1, k:ed@fila_enc, mode:BACK
2026-06-07 23:26:51, MOVE, v:1, k:ed@inverter, mode:DOWN
2026-06-07 23:26:52, MOVE, v:1, k:ed@inverter, mode:PICK
2026-06-07 23:26:51, MOVE, v:1, k:ed@inverter, mode:EDIT
2026-06-07 23:26:51, MOVE, v:1, k:ed@inverter, mode:EDIT
2026-06-07 23:26:51, MOVE, v:1, k:ed@inverter, mode:EDIT
2026-06-07 23:44:18, EXEC, v:1, k:ed@inverter, mode:FULL, rate:16, size:77
2026-06-07 23:44:29, EXEC, v:1, k:ed@inverter, mode:FULL, rate:16
2026-06-07 23:44:29, EXEC, v:1, k:ed@inverter, mode:FULL, rate:16
2026-06-07 23:44:15, MOVE, v:1, k:ed@inverter, mode:EDIT
2026-06-07 23:47:43, MOVE, v:1, k:ed@inverter, mode:EDIT
2026-06-07 23:50:36, EXEC, v:1, k:ed@inverter, mode:FULL, rate:100, size:77
2026-06-07 23:50:37, MOVE, v:1, k:ed@inverter, mode:BACK
2026-06-07 23:50:45, MOVE, v:1, k:ed@inverter, mode:PICK
2026-06-07 23:51:00, SELF, v:1, k:ed@inverter, self:1, rate:100, study:25, guided:1, concept:1, refactor:1
2026-06-07 23:51:02, MOVE, v:1, k:ed@inverter, mode:BACK
