2026-06-01 13:11:07, MOVE, v:1, k:ed@fila_enc, mode:DOWN
2026-06-01 13:11:08, MOVE, v:1, k:ed@fila_enc, mode:PICK
2026-06-01 13:11:39, EXEC, v:1, k:ed@fila_enc, mode:FULL, rate:0, size:82
2026-06-01 13:11:48, EXEC, v:1, k:ed@fila_enc, mode:FULL, rate:0
2026-06-01 13:11:07, MOVE, v:1, k:ed@fila_enc, mode:EDIT
2026-06-01 13:11:07, MOVE, v:1, k:ed@fila_enc, mode:EDIT
2026-06-01 13:14:34, MOVE, v:1, k:ed@fila_enc, mode:EDIT
2026-06-01 13:29:32, EXEC, v:1, k:ed@fila_enc, mode:FULL, rate:0, size:81
2026-06-01 13:41:35, EXEC, v:1, k:ed@fila_enc, mode:FULL, rate:0, size:98
2026-06-01 13:41:35, EXEC, v:1, k:ed@fila_enc, mode:FULL, rate:0, size:98
2026-06-01 13:41:23, MOVE, v:1, k:ed@fila_enc, mode:EDIT
2026-06-01 13:58:24, MOVE, v:1, k:ed@fila_enc, mode:EDIT
2026-06-01 14:01:10, EXEC, v:1, k:ed@fila_enc, mode:FULL, rate:0, size:123
2026-06-01 14:02:23, EXEC, v:1, k:ed@fila_enc, mode:FULL, rate:100, size:124
2026-06-01 14:02:52, SELF, v:1, k:ed@fila_enc, self:1, rate:100, study:60, guided:1, concept:1, problem:1, refactor:1
2026-06-01 14:02:54, EXEC, v:1, k:ed@fila_enc, mode:FULL, rate:100
2026-06-01 14:02:54, MOVE, v:1, k:ed@fila_enc, mode:BACK
2026-06-01 14:03:14, MOVE, v:1, k:ed@pilha, mode:DOWN
2026-06-01 14:03:15, MOVE, v:1, k:ed@pilha, mode:PICK
2026-06-01 14:03:14, MOVE, v:1, k:ed@pilha, mode:EDIT
2026-06-01 14:03:14, MOVE, v:1, k:ed@pilha, mode:EDIT
2026-06-01 14:03:14, MOVE, v:1, k:ed@pilha, mode:EDIT
2026-06-01 14:03:14, MOVE, v:1, k:ed@pilha, mode:EDIT
2026-06-01 14:08:05, EXEC, v:1, k:ed@pilha, mode:FULL, rate:0, size:80
2026-06-01 14:08:07, EXEC, v:1, k:ed@pilha, mode:FULL, rate:0
2026-06-01 14:38:55, EXEC, v:1, k:ed@pilha, mode:FULL, rate:0
2026-06-01 14:39:02, EXEC, v:1, k:ed@pilha, mode:FULL, size:97, fail:COMP
2026-06-01 14:39:41, EXEC, v:1, k:ed@pilha, mode:FULL, size:97, fail:COMP
2026-06-01 14:39:41, EXEC, v:1, k:ed@pilha, mode:FULL, size:97, fail:COMP
2026-06-01 14:39:41, EXEC, v:1, k:ed@pilha, mode:FULL, size:97, fail:COMP
2026-06-01 14:39:37, MOVE, v:1, k:ed@pilha, mode:EDIT
2026-06-01 14:47:44, MOVE, v:1, k:ed@pilha, mode:EDIT
2026-06-01 14:48:32, MOVE, v:1, k:ed@pilha, mode:EDIT
2026-06-01 14:55:07, EXEC, v:1, k:ed@pilha, mode:FULL, size:117, fail:COMP
2026-06-01 14:55:07, EXEC, v:1, k:ed@pilha, mode:FULL, size:117, fail:COMP
2026-06-01 14:55:08, EXEC, v:1, k:ed@pilha, mode:FULL, size:117, fail:COMP
2026-06-01 14:56:10, EXEC, v:1, k:ed@pilha, mode:FULL, size:118, fail:COMP
2026-06-01 14:56:10, EXEC, v:1, k:ed@pilha, mode:FULL, size:118, fail:COMP
2026-06-01 14:56:11, EXEC, v:1, k:ed@pilha, mode:FULL, size:118, fail:COMP
2026-06-01 14:57:29, EXEC, v:1, k:ed@pilha, mode:FULL, rate:100, size:118
2026-06-01 14:57:58, SELF, v:1, k:ed@pilha, self:1, rate:100, study:60, guided:1, concept:1, debug:1, refactor:1
2026-06-01 14:57:59, EXEC, v:1, k:ed@pilha, mode:FULL, rate:100
2026-06-01 14:58:00, MOVE, v:1, k:ed@pilha, mode:BACK
