2026-03-30 14:39:44, MOVE, v:1, k:ed@apagando, mode:DOWN
2026-03-30 14:39:50, MOVE, v:1, k:ed@apagando, mode:PICK
2026-03-30 14:55:48, EXEC, v:1, k:ed@apagando, mode:FULL, rate:0, size:26
2026-03-30 15:07:28, EXEC, v:1, k:ed@apagando, mode:FULL, rate:0, size:42
2026-03-30 15:07:30, EXEC, v:1, k:ed@apagando, mode:FULL, rate:0
2026-03-30 15:07:31, EXEC, v:1, k:ed@apagando, mode:FULL, rate:0
2026-03-30 15:07:31, EXEC, v:1, k:ed@apagando, mode:FULL, rate:0
2026-03-30 15:07:31, EXEC, v:1, k:ed@apagando, mode:FULL, rate:0
2026-03-30 15:07:32, EXEC, v:1, k:ed@apagando, mode:FULL, rate:0
2026-03-30 15:09:55, EXEC, v:1, k:ed@apagando, mode:FULL, rate:0, size:42
2026-03-30 15:09:56, EXEC, v:1, k:ed@apagando, mode:FULL, rate:0
2026-03-30 15:09:56, EXEC, v:1, k:ed@apagando, mode:FULL, rate:0
2026-03-30 15:16:59, MOVE, v:1, k:ed@apagando, mode:PICK
2026-03-30 15:17:03, EXEC, v:1, k:ed@apagando, mode:FULL, rate:0, size:30
2026-03-30 15:17:57, EXEC, v:1, k:ed@apagando, mode:FULL, rate:0, size:30
2026-03-30 15:18:55, MOVE, v:1, k:ed@apagando, mode:PICK
2026-03-30 15:18:57, EXEC, v:1, k:ed@apagando, mode:FULL, rate:100, size:30
2026-03-30 15:19:47, SELF, v:1, k:ed@apagando, self:1, rate:100, study:70, guided:1, concept:1, refactor:1
2026-03-30 15:19:49, EXEC, v:1, k:ed@apagando, mode:FULL, rate:100
2026-03-30 15:20:20, MOVE, v:1, k:ed@apagando, mode:BACK
2026-03-30 15:20:33, MOVE, v:1, k:ed@manipulacao, mode:DOWN
2026-03-30 15:20:36, MOVE, v:1, k:ed@manipulacao, mode:DOWN
2026-03-30 15:21:31, MOVE, v:1, k:ed@princesa, mode:PICK
2026-03-30 15:21:33, EXEC, v:1, k:ed@princesa, mode:FULL, size:5, fail:COMP
2026-03-30 16:25:11, EXEC, v:1, k:ed@princesa, mode:FULL, rate:0, size:45
2026-03-30 16:26:19, MOVE, v:1, k:ed@princesa, mode:BACK
2026-03-30 16:25:53, MOVE, v:1, k:ed@princesa, mode:PICK
2026-03-30 16:25:56, EXEC, v:1, k:ed@princesa, mode:FULL, rate:0
2026-03-30 16:26:59, EXEC, v:1, k:ed@princesa, mode:FULL, rate:0, size:46
2026-03-30 16:27:46, EXEC, v:1, k:ed@princesa, mode:FULL, rate:100, size:47
2026-03-30 16:28:15, SELF, v:1, k:ed@princesa, self:1, rate:100, study:140, guided:1, concept:1, refactor:1
2026-03-30 16:28:17, MOVE, v:1, k:ed@princesa, mode:BACK
